<?xml version="1.0" encoding="UTF-8"?>

<beans xmlns="http://www.springframework.org/schema/beans"
       xmlns:xsi="http://www.w3.org/2001/XMLSchema-instance"
       xmlns:context="http://www.springframework.org/schema/context"
       xmlns:p="http://www.springframework.org/schema/p"
       xmlns:jdbc="http://www.springframework.org/schema/jdbc"
       xsi:schemaLocation="http://www.springframework.org/schema/beans http://www.springframework.org/schema/beans/spring-beans.xsd
		http://www.springframework.org/schema/context http://www.springframework.org/schema/context/spring-context.xsd
		http://www.springframework.org/schema/jdbc http://www.springframework.org/schema/jdbc/spring-jdbc.xsd">

    <!-- Activates @Autowired -->
    <context:annotation-config/>

    <context:component-scan base-package="model, dao"/>

    <jdbc:embedded-database id="dataSource" type="H2"/>

    <bean id="recordDao" class="dao.jpa.JpaDaoImpl">
        <constructor-arg name="entityClass" value="model.SampleRecord"/>
    </bean>

    <bean class="org.springframework.orm.jpa.LocalContainerEntityManagerFactoryBean"
          p:dataSource-ref="dataSource"
          p:persistenceUnitName="RecordPersistence"
          p:persistenceProviderClass="org.hibernate.ejb.HibernatePersistence"/>
</beans>